<?xml version="1.0" encoding="UTF-8"?>
<testng-results ignored="0" total="1" passed="1" failed="0" skipped="0">
  <reporter-output>
  </reporter-output>
  <suite started-at="2022-11-08T21:55:34 IST" name="Test-Suite" finished-at="2022-11-08T21:55:49 IST" duration-ms="15056">
    <groups>
    </groups>
    <test started-at="2022-11-08T21:55:34 IST" name="TestSuites" finished-at="2022-11-08T21:55:49 IST" duration-ms="15056">
      <class name="com.jupiter.automation.testsuites.Test1">
        <test-method is-config="true" signature="config()[pri:0, instance:com.jupiter.automation.testsuites.Test1@7674f035]" started-at="2022-11-08T21:55:10 IST" name="config" finished-at="2022-11-08T21:55:10 IST" duration-ms="168" status="PASS">
          <reporter-output>
          </reporter-output>
        </test-method> <!-- config -->
        <test-method is-config="true" signature="init()[pri:0, instance:com.jupiter.automation.testsuites.Test1@7674f035]" started-at="2022-11-08T21:55:10 IST" name="init" finished-at="2022-11-08T21:55:34 IST" duration-ms="24514" status="PASS">
          <reporter-output>
          </reporter-output>
        </test-method> <!-- init -->
        <test-method is-config="true" signature="genReport()[pri:0, instance:com.jupiter.automation.testsuites.Test1@7674f035]" started-at="2022-11-08T21:55:34 IST" name="genReport" finished-at="2022-11-08T21:55:35 IST" duration-ms="653" status="PASS">
          <reporter-output>
          </reporter-output>
        </test-method> <!-- genReport -->
        <test-method is-config="true" signature="createtest(java.lang.reflect.Method)[pri:0, instance:com.jupiter.automation.testsuites.Test1@7674f035]" started-at="2022-11-08T21:55:35 IST" name="createtest" finished-at="2022-11-08T21:55:35 IST" duration-ms="7" status="PASS">
          <params>
            <param index="0">
              <value>
                <![CDATA[public void com.jupiter.automation.testsuites.Test1.Test1(java.lang.String,java.lang.String,java.lang.String) throws java.lang.InterruptedException]]>
              </value>
            </param>
          </params>
          <reporter-output>
          </reporter-output>
        </test-method> <!-- createtest -->
        <test-method signature="Test1(java.lang.String, java.lang.String, java.lang.String)[pri:0, instance:com.jupiter.automation.testsuites.Test1@7674f035]" started-at="2022-11-08T21:55:35 IST" name="Test1" data-provider="Login_with_valid_regular_user_details" finished-at="2022-11-08T21:55:49 IST" duration-ms="13610" status="PASS">
          <params>
            <param index="0">
              <value>
                <![CDATA[https://demo.actitime.com/]]>
              </value>
            </param>
            <param index="1">
              <value>
                <![CDATA[trainee]]>
              </value>
            </param>
            <param index="2">
              <value>
                <![CDATA[trainee]]>
              </value>
            </param>
          </params>
          <reporter-output>
          </reporter-output>
        </test-method> <!-- Test1 -->
        <test-method is-config="true" signature="flushReport()[pri:0, instance:com.jupiter.automation.testsuites.Test1@7674f035]" started-at="2022-11-08T21:55:49 IST" name="flushReport" finished-at="2022-11-08T21:55:49 IST" duration-ms="700" status="PASS">
          <reporter-output>
          </reporter-output>
        </test-method> <!-- flushReport -->
        <test-method is-config="true" signature="down()[pri:0, instance:com.jupiter.automation.testsuites.Test1@7674f035]" started-at="2022-11-08T21:55:49 IST" name="down" finished-at="2022-11-08T21:55:49 IST" duration-ms="1" status="PASS">
          <reporter-output>
          </reporter-output>
        </test-method> <!-- down -->
      </class> <!-- com.jupiter.automation.testsuites.Test1 -->
    </test> <!-- TestSuites -->
  </suite> <!-- Test-Suite -->
</testng-results>
